<?xml version="1.0" encoding="UTF-8"?>
<!-- Generated by org.testng.reporters.JUnitXMLReporter -->
<testsuite ignored="0" hostname="Temis-MBP.lan" failures="0" tests="3" name="Test" time="14.338" errors="0" timestamp="2025-05-20T11:00:31 EDT">
  <testcase classname="saucedemotests.ChekoutTest" name="proceedToCheckout" time="0.811"/>
  <testcase classname="saucedemotests.ProductTest" name="addProducts" time="1.993"/>
  <testcase classname="saucedemotests.LoginTest" name="testLoginFunction" time="0.367"/>
</testsuite> <!-- Test -->
