<?xml version="1.0" encoding="UTF-8"?>
<!-- Generated by org.testng.reporters.JUnitXMLReporter -->
<testsuite ignored="0" hostname="MacBookPro-124.lan" failures="0" tests="3" name="Test" time="30.521" errors="0" timestamp="2025-07-01T23:42:49 EDT">
  <testcase classname="saucedemotests.ChekoutTest" name="proceedToCheckout" time="0.951"/>
  <testcase classname="saucedemotests.ProductTest" name="addProducts" time="2.112"/>
  <testcase classname="saucedemotests.LoginTest" name="testLoginFunction" time="0.455"/>
</testsuite> <!-- Test -->
