<?xml version="1.0" encoding="UTF-8"?>
<testng-results ignored="0" total="1" passed="1" failed="0" skipped="0">
  <reporter-output>
  </reporter-output>
  <suite started-at="2025-07-01T23:44:16 EDT" name="Default suite" finished-at="2025-07-01T23:44:23 EDT" duration-ms="7597">
    <groups>
    </groups>
    <test started-at="2025-07-01T23:44:16 EDT" name="Default test" finished-at="2025-07-01T23:44:23 EDT" duration-ms="7597">
      <class name="saucedemotests.ChekoutTest">
        <test-method is-config="true" signature="callWebsite()[pri:0, instance:saucedemotests.ChekoutTest@49ec71f8]" started-at="2025-07-01T23:44:16 EDT" name="callWebsite" finished-at="2025-07-01T23:44:20 EDT" duration-ms="3901" status="PASS">
          <reporter-output>
          </reporter-output>
        </test-method> <!-- callWebsite -->
        <test-method is-config="true" signature="loginandAddProduct()[pri:0, instance:saucedemotests.ChekoutTest@49ec71f8]" started-at="2025-07-01T23:44:20 EDT" name="loginandAddProduct" finished-at="2025-07-01T23:44:22 EDT" duration-ms="2646" status="PASS">
          <reporter-output>
          </reporter-output>
        </test-method> <!-- loginandAddProduct -->
        <test-method signature="proceedToCheckout()[pri:0, instance:saucedemotests.ChekoutTest@49ec71f8]" started-at="2025-07-01T23:44:22 EDT" name="proceedToCheckout" finished-at="2025-07-01T23:44:23 EDT" duration-ms="916" status="PASS">
          <reporter-output>
          </reporter-output>
        </test-method> <!-- proceedToCheckout -->
        <test-method is-config="true" signature="quitBrowser()[pri:0, instance:saucedemotests.ChekoutTest@49ec71f8]" started-at="2025-07-01T23:44:23 EDT" name="quitBrowser" finished-at="2025-07-01T23:44:23 EDT" duration-ms="83" status="PASS">
          <reporter-output>
          </reporter-output>
        </test-method> <!-- quitBrowser -->
      </class> <!-- saucedemotests.ChekoutTest -->
    </test> <!-- Default test -->
  </suite> <!-- Default suite -->
</testng-results>
